build/app/intermediates/manifest_merge_blame_file/release/manifest-merger-blame-release-report.txt
1<?xml version="1.0" encoding="utf-8"?>
2<manifest xmlns:android="http://schemas.android.com/apk/res/android"
3    package="com.example.sample"
4    android:versionCode="1"
5    android:versionName="1.0.0" >
6
7    <uses-sdk
8        android:minSdkVersion="21"
8-->src\main\AndroidManifest.xml
9        android:targetSdkVersion="33" />
9-->src\main\AndroidManifest.xml
10
11    <uses-permission android:name="android.permission.ACCESS_NETWORK_STATE" />
11-->[:firebase_analytics] AndroidManifest.xml:9:5-79
11-->[:firebase_analytics] AndroidManifest.xml:9:22-76
12    <uses-permission android:name="android.permission.INTERNET" />
12-->[:firebase_analytics] AndroidManifest.xml:10:5-67
12-->[:firebase_analytics] AndroidManifest.xml:10:22-64
13    <uses-permission android:name="android.permission.WAKE_LOCK" /> <!-- Permissions options for the `notification` group -->
13-->[:firebase_analytics] AndroidManifest.xml:11:5-68
13-->[:firebase_analytics] AndroidManifest.xml:11:22-65
14    <uses-permission android:name="android.permission.POST_NOTIFICATIONS" />
14-->[:firebase_messaging] AndroidManifest.xml:13:5-77
14-->[:firebase_messaging] AndroidManifest.xml:13:22-74
15    <uses-permission android:name="android.permission.BROADCAST_CLOSE_SYSTEM_DIALOGS" />
15-->[:awesome_notifications] AndroidManifest.xml:10:5-89
15-->[:awesome_notifications] AndroidManifest.xml:10:22-86
16    <uses-permission android:name="android.permission.RECEIVE_BOOT_COMPLETED" />
16-->[:awesome_notifications] AndroidManifest.xml:11:5-81
16-->[:awesome_notifications] AndroidManifest.xml:11:22-78
17    <uses-permission android:name="android.permission.VIBRATE" />
17-->[:awesome_notifications] AndroidManifest.xml:12:5-66
17-->[:awesome_notifications] AndroidManifest.xml:12:22-63
18    <uses-permission
18-->[me.carda:AndroidAwnCore:0.9.3] AndroidManifest.xml:10:5-12:38
19        android:name="android.permission.BIND_NOTIFICATION_LISTENER_SERVICE"
19-->[me.carda:AndroidAwnCore:0.9.3] AndroidManifest.xml:11:9-77
20        android:maxSdkVersion="22" /> <!-- Required by older versions of Google Play services to create IID tokens -->
20-->[me.carda:AndroidAwnCore:0.9.3] AndroidManifest.xml:12:9-35
21    <uses-permission android:name="com.google.android.c2dm.permission.RECEIVE" />
21-->[com.google.firebase:firebase-messaging:23.4.1] AndroidManifest.xml:26:5-82
21-->[com.google.firebase:firebase-messaging:23.4.1] AndroidManifest.xml:26:22-79
22    <uses-permission android:name="com.google.android.gms.permission.AD_ID" />
22-->[com.google.android.gms:play-services-measurement-api:21.5.1] AndroidManifest.xml:25:5-79
22-->[com.google.android.gms:play-services-measurement-api:21.5.1] AndroidManifest.xml:25:22-76
23    <uses-permission android:name="android.permission.ACCESS_ADSERVICES_ATTRIBUTION" />
23-->[com.google.android.gms:play-services-measurement-api:21.5.1] AndroidManifest.xml:26:5-88
23-->[com.google.android.gms:play-services-measurement-api:21.5.1] AndroidManifest.xml:26:22-85
24    <uses-permission android:name="android.permission.ACCESS_ADSERVICES_AD_ID" />
24-->[com.google.android.gms:play-services-measurement-api:21.5.1] AndroidManifest.xml:27:5-82
24-->[com.google.android.gms:play-services-measurement-api:21.5.1] AndroidManifest.xml:27:22-79
25    <uses-permission android:name="com.google.android.finsky.permission.BIND_GET_INSTALL_REFERRER_SERVICE" />
25-->[com.google.android.gms:play-services-measurement:21.5.1] AndroidManifest.xml:26:5-110
25-->[com.google.android.gms:play-services-measurement:21.5.1] AndroidManifest.xml:26:22-107
26
27    <permission
27-->[androidx.core:core:1.10.1] AndroidManifest.xml:22:5-24:47
28        android:name="com.example.sample.DYNAMIC_RECEIVER_NOT_EXPORTED_PERMISSION"
28-->[androidx.core:core:1.10.1] AndroidManifest.xml:23:9-81
29        android:protectionLevel="signature" />
29-->[androidx.core:core:1.10.1] AndroidManifest.xml:24:9-44
30
31    <uses-permission android:name="com.example.sample.DYNAMIC_RECEIVER_NOT_EXPORTED_PERMISSION" /> <!-- for android -->
31-->[androidx.core:core:1.10.1] AndroidManifest.xml:26:5-97
31-->[androidx.core:core:1.10.1] AndroidManifest.xml:26:22-94
32    <!-- <uses-permission android:name="com.android.launcher.permission.READ_SETTINGS"/> -->
33    <!-- <uses-permission android:name="com.android.launcher.permission.WRITE_SETTINGS"/> -->
34    <!-- <uses-permission android:name="com.android.launcher.permission.INSTALL_SHORTCUT" /> -->
35    <!-- <uses-permission android:name="com.android.launcher.permission.UNINSTALL_SHORTCUT" /> -->
36    <!-- for Samsung -->
37    <uses-permission android:name="com.sec.android.provider.badge.permission.READ" />
37-->[me.leolin:ShortcutBadger:1.1.22] AndroidManifest.xml:19:5-86
37-->[me.leolin:ShortcutBadger:1.1.22] AndroidManifest.xml:19:22-83
38    <uses-permission android:name="com.sec.android.provider.badge.permission.WRITE" /> <!-- for htc -->
38-->[me.leolin:ShortcutBadger:1.1.22] AndroidManifest.xml:20:5-87
38-->[me.leolin:ShortcutBadger:1.1.22] AndroidManifest.xml:20:22-84
39    <uses-permission android:name="com.htc.launcher.permission.READ_SETTINGS" />
39-->[me.leolin:ShortcutBadger:1.1.22] AndroidManifest.xml:23:5-81
39-->[me.leolin:ShortcutBadger:1.1.22] AndroidManifest.xml:23:22-78
40    <uses-permission android:name="com.htc.launcher.permission.UPDATE_SHORTCUT" /> <!-- for sony -->
40-->[me.leolin:ShortcutBadger:1.1.22] AndroidManifest.xml:24:5-83
40-->[me.leolin:ShortcutBadger:1.1.22] AndroidManifest.xml:24:22-80
41    <uses-permission android:name="com.sonyericsson.home.permission.BROADCAST_BADGE" />
41-->[me.leolin:ShortcutBadger:1.1.22] AndroidManifest.xml:27:5-88
41-->[me.leolin:ShortcutBadger:1.1.22] AndroidManifest.xml:27:22-85
42    <uses-permission android:name="com.sonymobile.home.permission.PROVIDER_INSERT_BADGE" /> <!-- for apex -->
42-->[me.leolin:ShortcutBadger:1.1.22] AndroidManifest.xml:28:5-92
42-->[me.leolin:ShortcutBadger:1.1.22] AndroidManifest.xml:28:22-89
43    <uses-permission android:name="com.anddoes.launcher.permission.UPDATE_COUNT" /> <!-- for solid -->
43-->[me.leolin:ShortcutBadger:1.1.22] AndroidManifest.xml:31:5-84
43-->[me.leolin:ShortcutBadger:1.1.22] AndroidManifest.xml:31:22-81
44    <uses-permission android:name="com.majeur.launcher.permission.UPDATE_BADGE" /> <!-- for huawei -->
44-->[me.leolin:ShortcutBadger:1.1.22] AndroidManifest.xml:34:5-83
44-->[me.leolin:ShortcutBadger:1.1.22] AndroidManifest.xml:34:22-80
45    <uses-permission android:name="com.huawei.android.launcher.permission.CHANGE_BADGE" />
45-->[me.leolin:ShortcutBadger:1.1.22] AndroidManifest.xml:37:5-91
45-->[me.leolin:ShortcutBadger:1.1.22] AndroidManifest.xml:37:22-88
46    <uses-permission android:name="com.huawei.android.launcher.permission.READ_SETTINGS" />
46-->[me.leolin:ShortcutBadger:1.1.22] AndroidManifest.xml:38:5-92
46-->[me.leolin:ShortcutBadger:1.1.22] AndroidManifest.xml:38:22-89
47    <uses-permission android:name="com.huawei.android.launcher.permission.WRITE_SETTINGS" /> <!-- for ZUK -->
47-->[me.leolin:ShortcutBadger:1.1.22] AndroidManifest.xml:39:5-93
47-->[me.leolin:ShortcutBadger:1.1.22] AndroidManifest.xml:39:22-90
48    <uses-permission android:name="android.permission.READ_APP_BADGE" /> <!-- for OPPO -->
48-->[me.leolin:ShortcutBadger:1.1.22] AndroidManifest.xml:42:5-73
48-->[me.leolin:ShortcutBadger:1.1.22] AndroidManifest.xml:42:22-70
49    <uses-permission android:name="com.oppo.launcher.permission.READ_SETTINGS" />
49-->[me.leolin:ShortcutBadger:1.1.22] AndroidManifest.xml:45:5-82
49-->[me.leolin:ShortcutBadger:1.1.22] AndroidManifest.xml:45:22-79
50    <uses-permission android:name="com.oppo.launcher.permission.WRITE_SETTINGS" /> <!-- for EvMe -->
50-->[me.leolin:ShortcutBadger:1.1.22] AndroidManifest.xml:46:5-83
50-->[me.leolin:ShortcutBadger:1.1.22] AndroidManifest.xml:46:22-80
51    <uses-permission android:name="me.everything.badger.permission.BADGE_COUNT_READ" />
51-->[me.leolin:ShortcutBadger:1.1.22] AndroidManifest.xml:49:5-88
51-->[me.leolin:ShortcutBadger:1.1.22] AndroidManifest.xml:49:22-85
52    <uses-permission android:name="me.everything.badger.permission.BADGE_COUNT_WRITE" />
52-->[me.leolin:ShortcutBadger:1.1.22] AndroidManifest.xml:50:5-89
52-->[me.leolin:ShortcutBadger:1.1.22] AndroidManifest.xml:50:22-86
53
54    <application
55        android:name="android.app.Application"
55-->src\main\AndroidManifest.xml:4:9-42
56        android:appComponentFactory="androidx.core.app.CoreComponentFactory"
56-->[androidx.core:core:1.10.1] AndroidManifest.xml:28:18-86
57        android:icon="@mipmap/ic_launcher"
57-->src\main\AndroidManifest.xml:5:9-43
58        android:label="sample" >
58-->src\main\AndroidManifest.xml:3:9-31
59        <activity
59-->src\main\AndroidManifest.xml:6:9-26:20
60            android:name="com.example.sample.MainActivity"
60-->src\main\AndroidManifest.xml:7:13-41
61            android:configChanges="orientation|keyboardHidden|keyboard|screenSize|smallestScreenSize|locale|layoutDirection|fontScale|screenLayout|density|uiMode"
61-->src\main\AndroidManifest.xml:11:13-163
62            android:exported="true"
62-->src\main\AndroidManifest.xml:8:13-36
63            android:hardwareAccelerated="true"
63-->src\main\AndroidManifest.xml:12:13-47
64            android:launchMode="singleTop"
64-->src\main\AndroidManifest.xml:9:13-43
65            android:theme="@style/LaunchTheme"
65-->src\main\AndroidManifest.xml:10:13-47
66            android:windowSoftInputMode="adjustResize" >
66-->src\main\AndroidManifest.xml:13:13-55
67
68            <!--
69                 Specifies an Android theme to apply to this Activity as soon as
70                 the Android process has started. This theme is visible to the user
71                 while the Flutter UI initializes. After that, this theme continues
72                 to determine the Window background behind the Flutter UI.
73            -->
74            <meta-data
74-->src\main\AndroidManifest.xml:18:13-21:17
75                android:name="io.flutter.embedding.android.NormalTheme"
75-->src\main\AndroidManifest.xml:19:15-70
76                android:resource="@style/NormalTheme" />
76-->src\main\AndroidManifest.xml:20:15-52
77
78            <intent-filter>
78-->src\main\AndroidManifest.xml:22:13-25:29
79                <action android:name="android.intent.action.MAIN" />
79-->src\main\AndroidManifest.xml:23:17-68
79-->src\main\AndroidManifest.xml:23:25-66
80
81                <category android:name="android.intent.category.LAUNCHER" />
81-->src\main\AndroidManifest.xml:24:17-76
81-->src\main\AndroidManifest.xml:24:27-74
82            </intent-filter>
83        </activity>
84        <!--
85             Don't delete the meta-data below.
86             This is used by the Flutter tool to generate GeneratedPluginRegistrant.java
87        -->
88        <meta-data
88-->src\main\AndroidManifest.xml:29:9-31:33
89            android:name="flutterEmbedding"
89-->src\main\AndroidManifest.xml:30:13-44
90            android:value="2" />
90-->src\main\AndroidManifest.xml:31:13-30
91
92        <service
92-->[:firebase_analytics] AndroidManifest.xml:14:9-18:19
93            android:name="com.google.firebase.components.ComponentDiscoveryService"
93-->[:firebase_analytics] AndroidManifest.xml:14:18-89
94            android:directBootAware="true"
94-->[com.google.firebase:firebase-common:20.4.2] AndroidManifest.xml:32:13-43
95            android:exported="false" >
95-->[com.google.firebase:firebase-messaging:23.4.1] AndroidManifest.xml:56:13-37
96            <meta-data
96-->[:firebase_analytics] AndroidManifest.xml:15:13-17:85
97                android:name="com.google.firebase.components:io.flutter.plugins.firebase.analytics.FlutterFirebaseAppRegistrar"
97-->[:firebase_analytics] AndroidManifest.xml:16:17-128
98                android:value="com.google.firebase.components.ComponentRegistrar" />
98-->[:firebase_analytics] AndroidManifest.xml:17:17-82
99            <meta-data
99-->[:firebase_messaging] AndroidManifest.xml:38:13-40:85
100                android:name="com.google.firebase.components:io.flutter.plugins.firebase.messaging.FlutterFirebaseAppRegistrar"
100-->[:firebase_messaging] AndroidManifest.xml:39:17-128
101                android:value="com.google.firebase.components.ComponentRegistrar" />
101-->[:firebase_messaging] AndroidManifest.xml:40:17-82
102            <meta-data
102-->[:firebase_core] AndroidManifest.xml:11:13-13:85
103                android:name="com.google.firebase.components:io.flutter.plugins.firebase.core.FlutterFirebaseCoreRegistrar"
103-->[:firebase_core] AndroidManifest.xml:12:17-124
104                android:value="com.google.firebase.components.ComponentRegistrar" />
104-->[:firebase_core] AndroidManifest.xml:13:17-82
105            <meta-data
105-->[com.google.firebase:firebase-messaging:23.4.1] AndroidManifest.xml:57:13-59:85
106                android:name="com.google.firebase.components:com.google.firebase.messaging.FirebaseMessagingKtxRegistrar"
106-->[com.google.firebase:firebase-messaging:23.4.1] AndroidManifest.xml:58:17-122
107                android:value="com.google.firebase.components.ComponentRegistrar" />
107-->[com.google.firebase:firebase-messaging:23.4.1] AndroidManifest.xml:59:17-82
108            <meta-data
108-->[com.google.firebase:firebase-messaging:23.4.1] AndroidManifest.xml:60:13-62:85
109                android:name="com.google.firebase.components:com.google.firebase.messaging.FirebaseMessagingRegistrar"
109-->[com.google.firebase:firebase-messaging:23.4.1] AndroidManifest.xml:61:17-119
110                android:value="com.google.firebase.components.ComponentRegistrar" />
110-->[com.google.firebase:firebase-messaging:23.4.1] AndroidManifest.xml:62:17-82
111            <meta-data
111-->[com.google.firebase:firebase-iid:21.1.0] AndroidManifest.xml:32:13-34:85
112                android:name="com.google.firebase.components:com.google.firebase.iid.Registrar"
112-->[com.google.firebase:firebase-iid:21.1.0] AndroidManifest.xml:33:17-96
113                android:value="com.google.firebase.components.ComponentRegistrar" />
113-->[com.google.firebase:firebase-iid:21.1.0] AndroidManifest.xml:34:17-82
114            <meta-data
114-->[com.google.android.gms:play-services-measurement-api:21.5.1] AndroidManifest.xml:37:13-39:85
115                android:name="com.google.firebase.components:com.google.firebase.analytics.connector.internal.AnalyticsConnectorRegistrar"
115-->[com.google.android.gms:play-services-measurement-api:21.5.1] AndroidManifest.xml:38:17-139
116                android:value="com.google.firebase.components.ComponentRegistrar" />
116-->[com.google.android.gms:play-services-measurement-api:21.5.1] AndroidManifest.xml:39:17-82
117            <meta-data
117-->[com.google.firebase:firebase-installations:17.2.0] AndroidManifest.xml:15:13-17:85
118                android:name="com.google.firebase.components:com.google.firebase.installations.FirebaseInstallationsKtxRegistrar"
118-->[com.google.firebase:firebase-installations:17.2.0] AndroidManifest.xml:16:17-130
119                android:value="com.google.firebase.components.ComponentRegistrar" />
119-->[com.google.firebase:firebase-installations:17.2.0] AndroidManifest.xml:17:17-82
120            <meta-data
120-->[com.google.firebase:firebase-installations:17.2.0] AndroidManifest.xml:18:13-20:85
121                android:name="com.google.firebase.components:com.google.firebase.installations.FirebaseInstallationsRegistrar"
121-->[com.google.firebase:firebase-installations:17.2.0] AndroidManifest.xml:19:17-127
122                android:value="com.google.firebase.components.ComponentRegistrar" />
122-->[com.google.firebase:firebase-installations:17.2.0] AndroidManifest.xml:20:17-82
123            <meta-data
123-->[com.google.firebase:firebase-common-ktx:20.4.2] AndroidManifest.xml:12:13-14:85
124                android:name="com.google.firebase.components:com.google.firebase.ktx.FirebaseCommonLegacyRegistrar"
124-->[com.google.firebase:firebase-common-ktx:20.4.2] AndroidManifest.xml:13:17-116
125                android:value="com.google.firebase.components.ComponentRegistrar" />
125-->[com.google.firebase:firebase-common-ktx:20.4.2] AndroidManifest.xml:14:17-82
126            <meta-data
126-->[com.google.firebase:firebase-common:20.4.2] AndroidManifest.xml:35:13-37:85
127                android:name="com.google.firebase.components:com.google.firebase.FirebaseCommonKtxRegistrar"
127-->[com.google.firebase:firebase-common:20.4.2] AndroidManifest.xml:36:17-109
128                android:value="com.google.firebase.components.ComponentRegistrar" />
128-->[com.google.firebase:firebase-common:20.4.2] AndroidManifest.xml:37:17-82
129            <meta-data
129-->[com.google.firebase:firebase-datatransport:18.1.7] AndroidManifest.xml:27:13-29:85
130                android:name="com.google.firebase.components:com.google.firebase.datatransport.TransportRegistrar"
130-->[com.google.firebase:firebase-datatransport:18.1.7] AndroidManifest.xml:28:17-115
131                android:value="com.google.firebase.components.ComponentRegistrar" />
131-->[com.google.firebase:firebase-datatransport:18.1.7] AndroidManifest.xml:29:17-82
132        </service>
133        <service
133-->[:firebase_messaging] AndroidManifest.xml:16:9-19:72
134            android:name="io.flutter.plugins.firebase.messaging.FlutterFirebaseMessagingBackgroundService"
134-->[:firebase_messaging] AndroidManifest.xml:17:13-107
135            android:exported="false"
135-->[:firebase_messaging] AndroidManifest.xml:18:13-37
136            android:permission="android.permission.BIND_JOB_SERVICE" />
136-->[:firebase_messaging] AndroidManifest.xml:19:13-69
137        <service
137-->[:firebase_messaging] AndroidManifest.xml:20:9-26:19
138            android:name="io.flutter.plugins.firebase.messaging.FlutterFirebaseMessagingService"
138-->[:firebase_messaging] AndroidManifest.xml:21:13-97
139            android:exported="false" >
139-->[:firebase_messaging] AndroidManifest.xml:22:13-37
140            <intent-filter>
140-->[:firebase_messaging] AndroidManifest.xml:23:13-25:29
141                <action android:name="com.google.firebase.MESSAGING_EVENT" />
141-->[:firebase_messaging] AndroidManifest.xml:24:17-78
141-->[:firebase_messaging] AndroidManifest.xml:24:25-75
142            </intent-filter>
143        </service>
144
145        <receiver
145-->[:firebase_messaging] AndroidManifest.xml:28:9-35:20
146            android:name="io.flutter.plugins.firebase.messaging.FlutterFirebaseMessagingReceiver"
146-->[:firebase_messaging] AndroidManifest.xml:29:13-98
147            android:exported="true"
147-->[:firebase_messaging] AndroidManifest.xml:30:13-36
148            android:permission="com.google.android.c2dm.permission.SEND" >
148-->[:firebase_messaging] AndroidManifest.xml:31:13-73
149            <intent-filter>
149-->[:firebase_messaging] AndroidManifest.xml:32:13-34:29
150                <action android:name="com.google.android.c2dm.intent.RECEIVE" />
150-->[:firebase_messaging] AndroidManifest.xml:33:17-81
150-->[:firebase_messaging] AndroidManifest.xml:33:25-78
151            </intent-filter>
152        </receiver>
153
154        <provider
154-->[:firebase_messaging] AndroidManifest.xml:43:9-47:38
155            android:name="io.flutter.plugins.firebase.messaging.FlutterFirebaseMessagingInitProvider"
155-->[:firebase_messaging] AndroidManifest.xml:44:13-102
156            android:authorities="com.example.sample.flutterfirebasemessaginginitprovider"
156-->[:firebase_messaging] AndroidManifest.xml:45:13-88
157            android:exported="false"
157-->[:firebase_messaging] AndroidManifest.xml:46:13-37
158            android:initOrder="99" />
158-->[:firebase_messaging] AndroidManifest.xml:47:13-35
159
160        <receiver
160-->[:awesome_notifications] AndroidManifest.xml:15:9-17:39
161            android:name="me.carda.awesome_notifications.DartNotificationActionReceiver"
161-->[:awesome_notifications] AndroidManifest.xml:16:13-89
162            android:exported="true" />
162-->[:awesome_notifications] AndroidManifest.xml:17:13-36
163        <receiver
163-->[:awesome_notifications] AndroidManifest.xml:18:9-20:39
164            android:name="me.carda.awesome_notifications.DartDismissedNotificationReceiver"
164-->[:awesome_notifications] AndroidManifest.xml:19:13-92
165            android:exported="true" />
165-->[:awesome_notifications] AndroidManifest.xml:20:13-36
166        <receiver
166-->[:awesome_notifications] AndroidManifest.xml:21:9-23:39
167            android:name="me.carda.awesome_notifications.DartScheduledNotificationReceiver"
167-->[:awesome_notifications] AndroidManifest.xml:22:13-92
168            android:exported="true" />
168-->[:awesome_notifications] AndroidManifest.xml:23:13-36
169        <receiver
169-->[:awesome_notifications] AndroidManifest.xml:24:9-38:20
170            android:name="me.carda.awesome_notifications.DartRefreshSchedulesReceiver"
170-->[:awesome_notifications] AndroidManifest.xml:25:13-87
171            android:enabled="true"
171-->[:awesome_notifications] AndroidManifest.xml:26:13-35
172            android:exported="true" >
172-->[:awesome_notifications] AndroidManifest.xml:27:13-36
173            <intent-filter>
173-->[:awesome_notifications] AndroidManifest.xml:28:13-37:29
174                <category android:name="android.intent.category.DEFAULT" />
174-->[:awesome_notifications] AndroidManifest.xml:29:17-76
174-->[:awesome_notifications] AndroidManifest.xml:29:27-73
175
176                <action android:name="android.intent.action.BOOT_COMPLETED" />
176-->[:awesome_notifications] AndroidManifest.xml:31:17-79
176-->[:awesome_notifications] AndroidManifest.xml:31:25-76
177                <action android:name="android.intent.action.LOCKED_BOOT_COMPLETED" />
177-->[:awesome_notifications] AndroidManifest.xml:32:17-86
177-->[:awesome_notifications] AndroidManifest.xml:32:25-83
178                <action android:name="android.intent.action.MY_PACKAGE_REPLACED" />
178-->[:awesome_notifications] AndroidManifest.xml:33:17-84
178-->[:awesome_notifications] AndroidManifest.xml:33:25-81
179                <action android:name="android.intent.action.QUICKBOOT_POWERON" />
179-->[:awesome_notifications] AndroidManifest.xml:34:17-82
179-->[:awesome_notifications] AndroidManifest.xml:34:25-79
180                <action android:name="com.htc.intent.action.QUICKBOOT_POWERON" />
180-->[:awesome_notifications] AndroidManifest.xml:35:17-82
180-->[:awesome_notifications] AndroidManifest.xml:35:25-79
181                <action android:name="android.app.action.SCHEDULE_EXACT_ALARM_PERMISSION_STATE_CHANGED" />
181-->[:awesome_notifications] AndroidManifest.xml:36:17-107
181-->[:awesome_notifications] AndroidManifest.xml:36:25-104
182            </intent-filter>
183        </receiver>
184
185        <service
185-->[:awesome_notifications] AndroidManifest.xml:40:9-43:72
186            android:name="me.carda.awesome_notifications.DartBackgroundService"
186-->[:awesome_notifications] AndroidManifest.xml:41:13-80
187            android:exported="false"
187-->[:awesome_notifications] AndroidManifest.xml:42:13-37
188            android:permission="android.permission.BIND_JOB_SERVICE" />
188-->[:awesome_notifications] AndroidManifest.xml:43:13-69
189        <service
189-->[:awesome_notifications] AndroidManifest.xml:44:9-49:43
190            android:name="me.carda.awesome_notifications.core.services.ForegroundService"
190-->[:awesome_notifications] AndroidManifest.xml:45:13-90
191            android:enabled="true"
191-->[:awesome_notifications] AndroidManifest.xml:46:13-35
192            android:exported="false"
192-->[:awesome_notifications] AndroidManifest.xml:47:13-37
193            android:foregroundServiceType="phoneCall"
193-->[:awesome_notifications] AndroidManifest.xml:48:13-54
194            android:stopWithTask="true" />
194-->[:awesome_notifications] AndroidManifest.xml:49:13-40
195
196        <activity
196-->[:url_launcher_android] AndroidManifest.xml:10:9-13:74
197            android:name="io.flutter.plugins.urllauncher.WebViewActivity"
197-->[:url_launcher_android] AndroidManifest.xml:11:13-74
198            android:exported="false"
198-->[:url_launcher_android] AndroidManifest.xml:12:13-37
199            android:theme="@android:style/Theme.NoTitleBar.Fullscreen" />
199-->[:url_launcher_android] AndroidManifest.xml:13:13-71
200
201        <service
201-->[me.carda:AndroidAwnCore:0.9.3] AndroidManifest.xml:21:9-28:19
202            android:name="me.carda.awesome_notifications.core.managers.StatusBarManager"
202-->[me.carda:AndroidAwnCore:0.9.3] AndroidManifest.xml:22:13-89
203            android:exported="true"
203-->[me.carda:AndroidAwnCore:0.9.3] AndroidManifest.xml:23:13-36
204            android:label="My Notification Listener Service" >
204-->[me.carda:AndroidAwnCore:0.9.3] AndroidManifest.xml:24:13-61
205            <intent-filter>
205-->[me.carda:AndroidAwnCore:0.9.3] AndroidManifest.xml:25:13-27:29
206                <action android:name="android.service.notification.NotificationListenerService" />
206-->[me.carda:AndroidAwnCore:0.9.3] AndroidManifest.xml:26:17-99
206-->[me.carda:AndroidAwnCore:0.9.3] AndroidManifest.xml:26:25-96
207            </intent-filter>
208        </service>
209
210        <receiver
210-->[com.google.firebase:firebase-messaging:23.4.1] AndroidManifest.xml:29:9-40:20
211            android:name="com.google.firebase.iid.FirebaseInstanceIdReceiver"
211-->[com.google.firebase:firebase-messaging:23.4.1] AndroidManifest.xml:30:13-78
212            android:exported="true"
212-->[com.google.firebase:firebase-messaging:23.4.1] AndroidManifest.xml:31:13-36
213            android:permission="com.google.android.c2dm.permission.SEND" >
213-->[com.google.firebase:firebase-messaging:23.4.1] AndroidManifest.xml:32:13-73
214            <intent-filter>
214-->[:firebase_messaging] AndroidManifest.xml:32:13-34:29
215                <action android:name="com.google.android.c2dm.intent.RECEIVE" />
215-->[:firebase_messaging] AndroidManifest.xml:33:17-81
215-->[:firebase_messaging] AndroidManifest.xml:33:25-78
216            </intent-filter>
217
218            <meta-data
218-->[com.google.firebase:firebase-messaging:23.4.1] AndroidManifest.xml:37:13-39:40
219                android:name="com.google.android.gms.cloudmessaging.FINISHED_AFTER_HANDLED"
219-->[com.google.firebase:firebase-messaging:23.4.1] AndroidManifest.xml:38:17-92
220                android:value="true" />
220-->[com.google.firebase:firebase-messaging:23.4.1] AndroidManifest.xml:39:17-37
221        </receiver>
222        <!--
223             FirebaseMessagingService performs security checks at runtime,
224             but set to not exported to explicitly avoid allowing another app to call it.
225        -->
226        <service
226-->[com.google.firebase:firebase-messaging:23.4.1] AndroidManifest.xml:46:9-53:19
227            android:name="com.google.firebase.messaging.FirebaseMessagingService"
227-->[com.google.firebase:firebase-messaging:23.4.1] AndroidManifest.xml:47:13-82
228            android:directBootAware="true"
228-->[com.google.firebase:firebase-messaging:23.4.1] AndroidManifest.xml:48:13-43
229            android:exported="false" >
229-->[com.google.firebase:firebase-messaging:23.4.1] AndroidManifest.xml:49:13-37
230            <intent-filter android:priority="-500" >
230-->[:firebase_messaging] AndroidManifest.xml:23:13-25:29
231                <action android:name="com.google.firebase.MESSAGING_EVENT" />
231-->[:firebase_messaging] AndroidManifest.xml:24:17-78
231-->[:firebase_messaging] AndroidManifest.xml:24:25-75
232            </intent-filter>
233        </service>
234
235        <property
235-->[com.google.android.gms:play-services-measurement-api:21.5.1] AndroidManifest.xml:30:9-32:61
236            android:name="android.adservices.AD_SERVICES_CONFIG"
236-->[com.google.android.gms:play-services-measurement-api:21.5.1] AndroidManifest.xml:31:13-65
237            android:resource="@xml/ga_ad_services_config" />
237-->[com.google.android.gms:play-services-measurement-api:21.5.1] AndroidManifest.xml:32:13-58
238
239        <service
239-->[androidx.room:room-runtime:2.5.0] AndroidManifest.xml:24:9-28:63
240            android:name="androidx.room.MultiInstanceInvalidationService"
240-->[androidx.room:room-runtime:2.5.0] AndroidManifest.xml:25:13-74
241            android:directBootAware="true"
241-->[androidx.room:room-runtime:2.5.0] AndroidManifest.xml:26:13-43
242            android:exported="false" />
242-->[androidx.room:room-runtime:2.5.0] AndroidManifest.xml:27:13-37
243
244        <receiver
244-->[com.google.android.gms:play-services-measurement:21.5.1] AndroidManifest.xml:29:9-33:20
245            android:name="com.google.android.gms.measurement.AppMeasurementReceiver"
245-->[com.google.android.gms:play-services-measurement:21.5.1] AndroidManifest.xml:30:13-85
246            android:enabled="true"
246-->[com.google.android.gms:play-services-measurement:21.5.1] AndroidManifest.xml:31:13-35
247            android:exported="false" >
247-->[com.google.android.gms:play-services-measurement:21.5.1] AndroidManifest.xml:32:13-37
248        </receiver>
249
250        <service
250-->[com.google.android.gms:play-services-measurement:21.5.1] AndroidManifest.xml:35:9-38:40
251            android:name="com.google.android.gms.measurement.AppMeasurementService"
251-->[com.google.android.gms:play-services-measurement:21.5.1] AndroidManifest.xml:36:13-84
252            android:enabled="true"
252-->[com.google.android.gms:play-services-measurement:21.5.1] AndroidManifest.xml:37:13-35
253            android:exported="false" />
253-->[com.google.android.gms:play-services-measurement:21.5.1] AndroidManifest.xml:38:13-37
254        <service
254-->[com.google.android.gms:play-services-measurement:21.5.1] AndroidManifest.xml:39:9-43:72